<?xml version="1.0" encoding="UTF-8"?>
<!-- Generated by org.testng.reporters.JUnitXMLReporter -->
<testsuite hostname="INFARSZB52525" ignored="1" name="Test" tests="2" failures="0" timestamp="26 Sep 2018 11:23:14 GMT" time="16.028" errors="0">
  <testcase name="TestCase1" time="5.059" classname="test.TestNGDemo"/>
  <testcase name="TestCase3" time="6.393" classname="test.TestNGDemo1"/>
  <testcase name="TestCase2" time="0.0" classname="test.TestNGDemo1">
    <ignored/>
  </testcase> <!-- TestCase2 -->
</testsuite> <!-- Test -->
