<?xml version="1.0" encoding="UTF-8"?>
<testng-results skipped="0" failed="0" ignored="0" total="2" passed="2">
  <reporter-output>
  </reporter-output>
  <suite name="Default suite" duration-ms="14335" started-at="2018-09-26T12:30:25Z" finished-at="2018-09-26T12:30:40Z">
    <groups>
    </groups>
    <test name="Default test" duration-ms="14335" started-at="2018-09-26T12:30:25Z" finished-at="2018-09-26T12:30:40Z">
      <class name="test.ExtentReportsWithTestNG">
        <test-method status="PASS" signature="setUp()[pri:0, instance:test.ExtentReportsWithTestNG@6d4b1c02]" name="setUp" is-config="true" duration-ms="112" started-at="2018-09-26T12:30:25Z" finished-at="2018-09-26T12:30:25Z">
          <reporter-output>
          </reporter-output>
        </test-method> <!-- setUp -->
        <test-method status="PASS" signature="setUpTest()[pri:0, instance:test.ExtentReportsWithTestNG@6d4b1c02]" name="setUpTest" is-config="true" duration-ms="2568" started-at="2018-09-26T12:30:25Z" finished-at="2018-09-26T12:30:28Z">
          <reporter-output>
          </reporter-output>
        </test-method> <!-- setUpTest -->
        <test-method status="PASS" signature="TestingReports1()[pri:0, instance:test.ExtentReportsWithTestNG@6d4b1c02]" name="TestingReports1" duration-ms="7484" started-at="2018-09-26T12:30:28Z" finished-at="2018-09-26T12:30:36Z">
          <reporter-output>
          </reporter-output>
        </test-method> <!-- TestingReports1 -->
        <test-method status="PASS" signature="TestingReports2()[pri:0, instance:test.ExtentReportsWithTestNG@6d4b1c02]" name="TestingReports2" duration-ms="1958" started-at="2018-09-26T12:30:36Z" finished-at="2018-09-26T12:30:37Z">
          <reporter-output>
          </reporter-output>
        </test-method> <!-- TestingReports2 -->
        <test-method status="PASS" signature="tearDown()[pri:0, instance:test.ExtentReportsWithTestNG@6d4b1c02]" name="tearDown" is-config="true" duration-ms="2312" started-at="2018-09-26T12:30:37Z" finished-at="2018-09-26T12:30:40Z">
          <reporter-output>
          </reporter-output>
        </test-method> <!-- tearDown -->
        <test-method status="PASS" signature="tearDownTest()[pri:0, instance:test.ExtentReportsWithTestNG@6d4b1c02]" name="tearDownTest" is-config="true" duration-ms="188" started-at="2018-09-26T12:30:40Z" finished-at="2018-09-26T12:30:40Z">
          <reporter-output>
          </reporter-output>
        </test-method> <!-- tearDownTest -->
      </class> <!-- test.ExtentReportsWithTestNG -->
    </test> <!-- Default test -->
  </suite> <!-- Default suite -->
</testng-results>
